2022-09-25T11:32:00+00:00 CRITICAL Uncaught Error: Call to undefined function have_posts_() in C:\laragon\www\intern-project\wp-content\themes\personaltheme\index.php:422
Stack trace:
#0 C:\laragon\www\intern-project\wp-includes\template-loader.php(106): include()
#1 C:\laragon\www\intern-project\wp-blog-header.php(19): require_once('C:\\laragon\\www\\...')
#2 C:\laragon\www\intern-project\index.php(17): require('C:\\laragon\\www\\...')
#3 {main}
  thrown in C:\laragon\www\intern-project\wp-content\themes\personaltheme\index.php on line 422

2022-09-25T13:25:23+00:00 CRITICAL Uncaught Error: Call to undefined function have_posts_() in C:\laragon\www\intern-project\wp-content\themes\personaltheme\index.php:422
Stack trace:
#0 C:\laragon\www\intern-project\wp-includes\template-loader.php(106): include()
#1 C:\laragon\www\intern-project\wp-blog-header.php(19): require_once('C:\\laragon\\www\\...')
#2 C:\laragon\www\intern-project\index.php(17): require('C:\\laragon\\www\\...')
#3 {main}
  thrown in C:\laragon\www\intern-project\wp-content\themes\personaltheme\index.php on line 422

2022-09-25T13:25:35+00:00 CRITICAL Uncaught Error: Call to undefined function have_posts_() in C:\laragon\www\intern-project\wp-content\themes\personaltheme\index.php:422
Stack trace:
#0 C:\laragon\www\intern-project\wp-includes\template-loader.php(106): include()
#1 C:\laragon\www\intern-project\wp-blog-header.php(19): require_once('C:\\laragon\\www\\...')
#2 C:\laragon\www\intern-project\index.php(17): require('C:\\laragon\\www\\...')
#3 {main}
  thrown in C:\laragon\www\intern-project\wp-content\themes\personaltheme\index.php on line 422

2022-09-25T13:26:12+00:00 CRITICAL Uncaught Error: Call to undefined function have_posts_() in C:\laragon\www\intern-project\wp-content\themes\personaltheme\index.php:422
Stack trace:
#0 C:\laragon\www\intern-project\wp-includes\template-loader.php(106): include()
#1 C:\laragon\www\intern-project\wp-blog-header.php(19): require_once('C:\\laragon\\www\\...')
#2 C:\laragon\www\intern-project\index.php(17): require('C:\\laragon\\www\\...')
#3 {main}
  thrown in C:\laragon\www\intern-project\wp-content\themes\personaltheme\index.php on line 422

2022-09-25T13:26:45+00:00 CRITICAL Uncaught Error: Call to undefined function have_posts_() in C:\laragon\www\intern-project\wp-content\themes\personaltheme\index.php:422
Stack trace:
#0 C:\laragon\www\intern-project\wp-includes\template-loader.php(106): include()
#1 C:\laragon\www\intern-project\wp-blog-header.php(19): require_once('C:\\laragon\\www\\...')
#2 C:\laragon\www\intern-project\index.php(17): require('C:\\laragon\\www\\...')
#3 {main}
  thrown in C:\laragon\www\intern-project\wp-content\themes\personaltheme\index.php on line 422

2022-09-25T13:28:17+00:00 CRITICAL Uncaught Error: Call to undefined function have_posts_() in C:\laragon\www\intern-project\wp-content\themes\personaltheme\index.php:422
Stack trace:
#0 C:\laragon\www\intern-project\wp-includes\template-loader.php(106): include()
#1 C:\laragon\www\intern-project\wp-blog-header.php(19): require_once('C:\\laragon\\www\\...')
#2 C:\laragon\www\intern-project\index.php(17): require('C:\\laragon\\www\\...')
#3 {main}
  thrown in C:\laragon\www\intern-project\wp-content\themes\personaltheme\index.php on line 422

